app/build/intermediates/manifest_merge_blame_file/debug/manifest-merger-blame-debug-report.txt
1<?xml version="1.0" encoding="utf-8"?>
2<manifest xmlns:android="http://schemas.android.com/apk/res/android"
3    package="com.example.maervit"
4    android:versionCode="1"
5    android:versionName="1.0" >
6
7    <uses-sdk
8        android:minSdkVersion="14"
8-->src\main\AndroidManifest.xml
9        android:targetSdkVersion="29" />
9-->src\main\AndroidManifest.xml
10
11    <uses-permission android:name="android.permission.CAMERA" />
11-->src\main\AndroidManifest.xml:6:5-65
11-->src\main\AndroidManifest.xml:6:22-62
12
13    <!-- Include required permissions for Google Maps API to run. -->
14    <uses-permission android:name="android.permission.ACCESS_NETWORK_STATE" />
14-->[com.google.android.gms:play-services-maps:17.0.0] AndroidManifest.xml:23:5-79
14-->[com.google.android.gms:play-services-maps:17.0.0] AndroidManifest.xml:23:22-76
15    <uses-permission android:name="android.permission.INTERNET" />
15-->[com.google.android.gms:play-services-maps:17.0.0] AndroidManifest.xml:24:5-67
15-->[com.google.android.gms:play-services-maps:17.0.0] AndroidManifest.xml:24:22-64
16
17    <uses-feature
17-->[com.google.android.gms:play-services-maps:17.0.0] AndroidManifest.xml:26:5-28:35
18        android:glEsVersion="0x00020000"
18-->[com.google.android.gms:play-services-maps:17.0.0] AndroidManifest.xml:27:9-41
19        android:required="true" />
19-->[com.google.android.gms:play-services-maps:17.0.0] AndroidManifest.xml:28:9-32
20
21    <application
21-->src\main\AndroidManifest.xml:8:5-29:19
22        android:allowBackup="true"
22-->src\main\AndroidManifest.xml:9:9-35
23        android:appComponentFactory="androidx.core.app.CoreComponentFactory"
23-->[androidx.core:core:1.1.0] AndroidManifest.xml:24:18-86
24        android:debuggable="true"
25        android:icon="@mipmap/ic_launcher"
25-->src\main\AndroidManifest.xml:10:9-43
26        android:label="@string/app_name"
26-->src\main\AndroidManifest.xml:11:9-41
27        android:roundIcon="@mipmap/ic_launcher_round"
27-->src\main\AndroidManifest.xml:12:9-54
28        android:supportsRtl="true"
28-->src\main\AndroidManifest.xml:13:9-35
29        android:theme="@style/AppTheme" >
29-->src\main\AndroidManifest.xml:14:9-40
30        <activity
30-->src\main\AndroidManifest.xml:17:9-24:20
31            android:name="com.example.maervit.MainActivity"
31-->src\main\AndroidManifest.xml:18:13-41
32            android:label="@string/app_name" >
32-->src\main\AndroidManifest.xml:19:13-45
33            <intent-filter>
33-->src\main\AndroidManifest.xml:20:13-23:29
34                <action android:name="android.intent.action.MAIN" />
34-->src\main\AndroidManifest.xml:21:17-69
34-->src\main\AndroidManifest.xml:21:25-66
35
36                <category android:name="android.intent.category.LAUNCHER" />
36-->src\main\AndroidManifest.xml:22:17-77
36-->src\main\AndroidManifest.xml:22:27-74
37            </intent-filter>
38        </activity>
39        <activity
39-->src\main\AndroidManifest.xml:26:9-28:20
40            android:name="com.example.maervit.Main2Activity"
40-->src\main\AndroidManifest.xml:26:19-48
41            android:label="Liner" >
41-->src\main\AndroidManifest.xml:27:13-34
42        </activity>
43        <!-- Needs to be explicitly declared on P+ -->
44        <uses-library
44-->[com.google.android.gms:play-services-maps:17.0.0] AndroidManifest.xml:33:9-35:40
45            android:name="org.apache.http.legacy"
45-->[com.google.android.gms:play-services-maps:17.0.0] AndroidManifest.xml:34:13-50
46            android:required="false" />
46-->[com.google.android.gms:play-services-maps:17.0.0] AndroidManifest.xml:35:13-37
47
48        <activity
48-->[com.google.android.gms:play-services-base:17.0.0] AndroidManifest.xml:23:9-26:75
49            android:name="com.google.android.gms.common.api.GoogleApiActivity"
49-->[com.google.android.gms:play-services-base:17.0.0] AndroidManifest.xml:24:13-79
50            android:exported="false"
50-->[com.google.android.gms:play-services-base:17.0.0] AndroidManifest.xml:25:13-37
51            android:theme="@android:style/Theme.Translucent.NoTitleBar" />
51-->[com.google.android.gms:play-services-base:17.0.0] AndroidManifest.xml:26:13-72
52
53        <meta-data
53-->[com.google.android.gms:play-services-basement:17.0.0] AndroidManifest.xml:23:9-25:69
54            android:name="com.google.android.gms.version"
54-->[com.google.android.gms:play-services-basement:17.0.0] AndroidManifest.xml:24:13-58
55            android:value="@integer/google_play_services_version" />
55-->[com.google.android.gms:play-services-basement:17.0.0] AndroidManifest.xml:25:13-66
56    </application>
57
58</manifest>